<?xml version="1.0" encoding="UTF-8"?>
<!-- Generated by org.testng.reporters.JUnitReportReporter -->
<testsuite hostname="shiva-PC" name="com.ERP.master.ExeNG" tests="3" failures="0" timestamp="26 Aug 2016 09:12:19 GMT" time="23.431" errors="0">
  <testcase name="uom" time="7.951" classname="com.ERP.master.ExeNG"/>
  <testcase name="uom" time="7.826" classname="com.ERP.master.ExeNG"/>
  <testcase name="uom" time="7.654" classname="com.ERP.master.ExeNG"/>
</testsuite> <!-- com.ERP.master.ExeNG -->
