<?xml version="1.0" encoding="UTF-8"?>
<!-- Generated by org.testng.reporters.JUnitReportReporter -->
<testsuite hostname="shiva-PC" name="com.ERP.master.supp" tests="1" failures="0" timestamp="26 Aug 2016 09:12:19 GMT" time="12.300" errors="0">
  <testcase name="supp" time="12.300" classname="com.ERP.master.supp"/>
</testsuite> <!-- com.ERP.master.supp -->
