<?xml version="1.0" encoding="UTF-8"?>
<!-- Generated by org.testng.reporters.JUnitReportReporter -->
<testsuite hostname="shiva-PC" name="com.ERP.master.Pomexe" tests="1" failures="0" timestamp="3 Sep 2016 09:05:14 GMT" time="17.376" errors="0">
  <testcase name="Lexe" time="17.376" classname="com.ERP.master.Pomexe"/>
</testsuite> <!-- com.ERP.master.Pomexe -->
